<?xml version="1.0" encoding="utf-8"?><testsuites name="pytest tests"><testsuite name="pytest" errors="0" failures="0" skipped="0" tests="47" time="13.098" timestamp="2026-09-10T16:39:05.930377+08:00" hostname="ANying99"><testcase classname="tests.test_agent_runtime" name="test_issue_decomposition_derives_stable_ids_and_only_accepts_verbatim_user_facts" time="12.418" /><testcase classname="tests.test_agent_runtime" name="test_issue_decomposition_fails_closed_for_empty_duplicate_owned_or_invented_data[payload0]" time="0.002" /><testcase classname="tests.test_agent_runtime" name="test_issue_decomposition_fails_closed_for_empty_duplicate_owned_or_invented_data[payload1]" time="0.001" /><testcase classname="tests.test_agent_runtime" name="test_issue_decomposition_fails_closed_for_empty_duplicate_owned_or_invented_data[payload2]" time="0.001" /><testcase classname="tests.test_agent_runtime" name="test_issue_decomposition_fails_closed_for_empty_duplicate_owned_or_invented_data[payload3]" time="0.001" /><testcase classname="tests.test_agent_runtime" name="test_issue_decomposition_rejects_prose_wrapped_json" time="0.001" /><testcase classname="tests.test_agent_runtime" name="test_issue_decomposition_reports_transport_failure_without_silent_single_issue_fallback" time="0.001" /><testcase classname="tests.test_agent_runtime" name="test_issue_decomposer_sends_only_current_query_as_data" time="0.001" /><testcase classname="tests.test_agent_runtime" name="test_planner_adapter_returns_untrusted_json_for_existing_parser_and_omits_ownership" time="0.001" /><testcase classname="tests.test_agent_runtime" name="test_planner_server_owned_injection_is_rejected_by_existing_trust_boundary" time="0.001" /><testcase classname="tests.test_agent_runtime" name="test_planner_adapter_retries_once_then_recovers_when_first_output_malformed" time="0.001" /><testcase classname="tests.test_agent_runtime" name="test_planner_adapter_retry_exhausted_still_raises_parse_error" time="0.001" /><testcase classname="tests.test_agent_runtime" name="test_draft_adapter_sends_exact_writer_payload_and_prompt" time="0.001" /><testcase classname="tests.test_agent_runtime" name="test_draft_adapter_cannot_issue_server_owned_claim_audit_fields[claim_id]" time="0.001" /><testcase classname="tests.test_agent_runtime" name="test_draft_adapter_cannot_issue_server_owned_claim_audit_fields[claim_checks]" time="0.001" /><testcase classname="tests.test_agent_runtime" name="test_draft_adapter_cannot_issue_server_owned_claim_audit_fields[supported]" time="0.001" /><testcase classname="tests.test_agent_runtime" name="test_draft_adapter_cannot_issue_server_owned_claim_audit_fields[rationale]" time="0.001" /><testcase classname="tests.test_agent_runtime" name="test_runtime_factory_builds_real_components_and_snapshots_budgets" time="0.001" /><testcase classname="tests.test_agent_runtime" name="test_runtime_factory_maps_only_registry_uninitialized_assertion_to_unavailable" time="0.001" /><testcase classname="tests.test_agent_runtime" name="test_draft_generator_binds_json_schema_response_format" time="0.002" /><testcase classname="tests.test_agent_runtime" name="test_draft_generator_falls_back_to_plain_invoke_when_platform_rejects_schema" time="0.001" /><testcase classname="tests.test_agent_runtime" name="test_issue_decomposer_binds_json_schema_response_format" time="0.002" /><testcase classname="tests.test_agent_runtime" name="test_issue_decomposer_falls_back_to_plain_invoke_when_platform_rejects_schema" time="0.002" /><testcase classname="tests.test_agent_runtime" name="test_schema_capability_rejection_judges_narrowly" time="0.001" /><testcase classname="tests.test_agent_runtime" name="test_schema_capability_rejection_reads_structured_body" time="0.001" /><testcase classname="tests.test_agent_runtime" name="test_schema_rejection_falls_back_exactly_once_per_adapter[issue_decomposition-&lt;lambda&gt;-{&quot;issues&quot;: [{&quot;question&quot;: &quot;\u516c\u53f8\u62d6\u6b20\u4e24\u4e2a\u6708\u5de5\u8d44\u65f6\uff0c\u52b3\u52a8\u8005\u53ef\u4ee5\u4e3b\u5f20\u54ea\u4e9b\u6743\u5229\uff1f&quot;, &quot;facts&quot;: [{&quot;quote&quot;: &quot;\u516c\u53f8\u62d6\u6b20\u6211\u4e24\u4e2a\u6708\u5de5\u8d44&quot;}], &quot;unknown_facts&quot;: [{&quot;statement&quot;: &quot;\u52b3\u52a8\u5408\u540c\u7ea6\u5b9a\u7684\u5de5\u8d44\u652f\u4ed8\u65e5\u662f\u4ec0\u4e48\uff1f&quot;, &quot;why_outcome_changes&quot;: &quot;\u5f71\u54cd\u62d6\u6b20\u671f\u95f4\u548c\u91d1\u989d\u7684\u786e\u5b9a\u3002&quot;}]}, {&quot;question&quot;: &quot;\u53e3\u5934\u89e3\u9664\u52b3\u52a8\u5408\u540c\u662f\u5426\u5408\u6cd5\uff1f&quot;, &quot;facts&quot;: [{&quot;quote&quot;: &quot;\u5728\u6628\u5929\u53e3\u5934\u89e3\u9664\u52b3\u52a8\u5408\u540c&quot;}], &quot;unknown_facts&quot;: []}]}]" time="0.002" /><testcase classname="tests.test_agent_runtime" name="test_schema_rejection_falls_back_exactly_once_per_adapter[planner-&lt;lambda&gt;-{&quot;kind&quot;: &quot;finish_research&quot;, &quot;summary&quot;: &quot;s&quot;}]" time="0.004" /><testcase classname="tests.test_agent_runtime" name="test_schema_rejection_falls_back_exactly_once_per_adapter[draft-&lt;lambda&gt;-{&quot;claims&quot;: [{&quot;local_id&quot;: &quot;c1&quot;, &quot;issue_id&quot;: &quot;issue_1&quot;, &quot;text&quot;: &quot;\u793a\u4f8b\u4e3b\u5f20&quot;, &quot;evidence_ids&quot;: [], &quot;fact_ids&quot;: [], &quot;section&quot;: &quot;conclusion&quot;}], &quot;missing_information&quot;: []}]" time="0.002" /><testcase classname="tests.test_agent_runtime" name="test_auth_failure_on_bound_invoke_propagates_without_fallback_per_adapter[issue_decomposition-&lt;lambda&gt;-{&quot;issues&quot;: [{&quot;question&quot;: &quot;\u516c\u53f8\u62d6\u6b20\u4e24\u4e2a\u6708\u5de5\u8d44\u65f6\uff0c\u52b3\u52a8\u8005\u53ef\u4ee5\u4e3b\u5f20\u54ea\u4e9b\u6743\u5229\uff1f&quot;, &quot;facts&quot;: [{&quot;quote&quot;: &quot;\u516c\u53f8\u62d6\u6b20\u6211\u4e24\u4e2a\u6708\u5de5\u8d44&quot;}], &quot;unknown_facts&quot;: [{&quot;statement&quot;: &quot;\u52b3\u52a8\u5408\u540c\u7ea6\u5b9a\u7684\u5de5\u8d44\u652f\u4ed8\u65e5\u662f\u4ec0\u4e48\uff1f&quot;, &quot;why_outcome_changes&quot;: &quot;\u5f71\u54cd\u62d6\u6b20\u671f\u95f4\u548c\u91d1\u989d\u7684\u786e\u5b9a\u3002&quot;}]}, {&quot;question&quot;: &quot;\u53e3\u5934\u89e3\u9664\u52b3\u52a8\u5408\u540c\u662f\u5426\u5408\u6cd5\uff1f&quot;, &quot;facts&quot;: [{&quot;quote&quot;: &quot;\u5728\u6628\u5929\u53e3\u5934\u89e3\u9664\u52b3\u52a8\u5408\u540c&quot;}], &quot;unknown_facts&quot;: []}]}]" time="0.002" /><testcase classname="tests.test_agent_runtime" name="test_auth_failure_on_bound_invoke_propagates_without_fallback_per_adapter[planner-&lt;lambda&gt;-{&quot;kind&quot;: &quot;finish_research&quot;, &quot;summary&quot;: &quot;s&quot;}]" time="0.004" /><testcase classname="tests.test_agent_runtime" name="test_auth_failure_on_bound_invoke_propagates_without_fallback_per_adapter[draft-&lt;lambda&gt;-{&quot;claims&quot;: [{&quot;local_id&quot;: &quot;c1&quot;, &quot;issue_id&quot;: &quot;issue_1&quot;, &quot;text&quot;: &quot;\u793a\u4f8b\u4e3b\u5f20&quot;, &quot;evidence_ids&quot;: [], &quot;fact_ids&quot;: [], &quot;section&quot;: &quot;conclusion&quot;}], &quot;missing_information&quot;: []}]" time="0.002" /><testcase classname="tests.test_agent_runtime" name="test_non_rejection_failures_never_fall_back[429-rate limit exceeded-None]" time="0.002" /><testcase classname="tests.test_agent_runtime" name="test_non_rejection_failures_never_fall_back[400-invalid max_tokens value-None]" time="0.001" /><testcase classname="tests.test_agent_runtime" name="test_non_rejection_failures_never_fall_back[None-request timed out-TimeoutError]" time="0.001" /><testcase classname="tests.test_agent_runtime" name="test_transport_without_bind_invokes_plain_exactly_once" time="0.001" /><testcase classname="tests.test_agent_runtime" name="test_local_schema_build_failure_falls_back_with_diagnostic" time="0.001" /><testcase classname="tests.test_agent_runtime" name="test_plain_invoke_failure_after_schema_rejection_propagates" time="0.001" /><testcase classname="tests.test_agent_runtime" name="test_fact_clauses_excludes_interrogative_and_short_fragments" time="0.001" /><testcase classname="tests.test_agent_runtime" name="test_uncovered_fact_clauses_reports_only_missing_declarative_clause" time="0.001" /><testcase classname="tests.test_agent_runtime" name="test_issue_decomposer_repairs_once_when_user_facts_are_uncovered" time="0.002" /><testcase classname="tests.test_agent_runtime" name="test_issue_decomposer_keeps_original_when_repair_does_not_reduce_gap" time="0.001" /><testcase classname="tests.test_agent_runtime" name="test_coverage_repair_does_not_loop_when_gap_never_improves" time="0.001" /><testcase classname="tests.test_agent_runtime" name="test_issue_decomposer_repair_failure_keeps_original_result" time="0.001" /><testcase classname="tests.test_agent_runtime" name="test_issue_decomposer_without_coverage_gap_makes_exactly_one_call" time="0.001" /><testcase classname="tests.test_agent_runtime" name="test_issue_decomposer_coverage_repair_can_be_disabled" time="0.001" /><testcase classname="tests.test_agent_runtime" name="test_decomposition_coverage_diagnostic_is_emitted" time="0.001" /><testcase classname="tests.test_agent_runtime" name="test_pre_run_and_coverage_fields_are_registered_in_log_whitelist" time="0.001" /></testsuite></testsuites>