<?xml version="1.0" encoding="utf-8"?><testsuites name="pytest tests"><testsuite name="pytest" errors="0" failures="0" skipped="0" tests="357" time="51.836" timestamp="2026-09-10T01:51:55.044284+08:00" hostname="ANying99"><testcase classname="tests.test_agent_audit_evidence" name="test_agent_audit_evidence_requires_a_named_reviewer_timestamp_and_traceable_per_case_decisions" time="20.722" /><testcase classname="tests.test_agent_audit_evidence" name="test_agent_audit_evidence_rejects_incomplete_or_self_contradictory_review_rows[case_update0-pass]" time="0.017" /><testcase classname="tests.test_agent_audit_evidence" name="test_agent_audit_evidence_rejects_incomplete_or_self_contradictory_review_rows[case_update1-finding]" time="0.011" /><testcase classname="tests.test_agent_audit_evidence" name="test_agent_audit_evidence_rejects_non_opaque_trace_references[C:/Users/33393/case.txt]" time="0.011" /><testcase classname="tests.test_agent_audit_evidence" name="test_agent_audit_evidence_rejects_non_opaque_trace_references[trace://case-1?user=123]" time="0.011" /><testcase classname="tests.test_agent_audit_evidence" name="test_agent_audit_evidence_rejects_non_opaque_trace_references[trace://\u6848\u4ef6-1]" time="0.012" /><testcase classname="tests.test_agent_audit_evidence" name="test_agent_audit_evidence_rejects_non_opaque_reviewer_and_finding_identifiers[reviewer.id-reviewer@example.com]" time="0.012" /><testcase classname="tests.test_agent_audit_evidence" name="test_agent_audit_evidence_rejects_non_opaque_reviewer_and_finding_identifiers[finding.code-\u672a\u6388\u6743\u5de5\u5177\u8c03\u7528]" time="0.012" /><testcase classname="tests.test_agent_chat_integration" name="test_final_agent_answer_is_stored_once_with_completed_checkpoint" time="0.349" /><testcase classname="tests.test_agent_chat_integration" name="test_final_storage_rejects_foreign_owner_and_does_not_write" time="0.265" /><testcase classname="tests.test_agent_chat_integration" name="test_final_storage_rejects_non_pass_verification" time="0.277" /><testcase classname="tests.test_agent_chat_integration" name="test_real_agent_service_runs_adapters_controller_gateway_writer_verifier_and_storage" time="0.378" /><testcase classname="tests.test_agent_chat_integration" name="test_disconnect_after_verification_keeps_checkpoint_and_writes_no_assistant" time="0.328" /><testcase classname="tests.test_agent_chat_integration" name="test_real_agent_service_returns_clarification_without_assistant_message" time="0.323" /><testcase classname="tests.test_agent_chat_integration" name="test_real_agent_service_resumes_same_run_without_new_user_or_agent_run" time="0.372" /><testcase classname="tests.test_agent_chat_integration" name="test_chat_live_agent_selection_bootstraps_once_and_never_prepares_fast_path" time="6.045" /><testcase classname="tests.test_agent_chat_integration" name="test_forbidden_agent_failure_never_calls_fast_path_fallback" time="0.283" /><testcase classname="tests.test_agent_chat_integration" name="test_fallback_to_fast_path_requires_allowlist_and_prepares_same_bootstrap_once" time="0.002" /><testcase classname="tests.test_agent_chat_integration" name="test_real_agent_service_allows_only_technical_planner_fallback[not-json-fallback-PLANNER_PARSE_ERROR]" time="0.344" /><testcase classname="tests.test_agent_chat_integration" name="test_real_agent_service_allows_only_technical_planner_fallback[planner_payload1-failed-PLANNER_POLICY_VIOLATION]" time="0.334" /><testcase classname="tests.test_agent_chat_integration" name="test_malformed_issue_output_fails_closed_without_fast_fallback" time="0.269" /><testcase classname="tests.test_agent_chat_integration" name="test_runtime_construction_only_falls_back_for_named_unavailability[failure0-failed-AGENT_EXECUTION_FAILURE]" time="0.266" /><testcase classname="tests.test_agent_chat_integration" name="test_runtime_construction_only_falls_back_for_named_unavailability[unavailable-fallback-TOOL_UNAVAILABLE]" time="0.269" /><testcase classname="tests.test_agent_chat_integration" name="test_coverage_rewrite_attempt_is_persisted_before_recall_and_completes" time="0.401" /><testcase classname="tests.test_agent_chat_integration" name="test_coverage_attempt_storage_failure_stops_without_recall" time="0.361" /><testcase classname="tests.test_agent_chat_integration" name="test_coverage_rewrite_invalid_evidence_keeps_budget_and_writes_no_assistant" time="0.373" /><testcase classname="tests.test_agent_chat_integration" name="test_coverage_rewrite_verifier_crash_reports_saved_version_and_keeps_budget" time="0.359" /><testcase classname="tests.test_agent_chat_integration" name="test_coverage_rewrite_still_deficient_fails_by_budget_without_loop" time="0.344" /><testcase classname="tests.test_agent_chat_integration" name="test_disconnect_before_coverage_attempt_saves_nothing_and_writes_no_assistant" time="0.316" /><testcase classname="tests.test_agent_chat_integration" name="test_agent_request_rejects_foreign_run_without_state_writes" time="0.427" /><testcase classname="tests.test_agent_chat_integration" name="test_overconfident_rewrite_verdict_persisted_as_unimplemented" time="0.382" /><testcase classname="tests.test_agent_chat_integration" name="test_failure_persistence_storage_error_keeps_original_reason" time="0.355" /><testcase classname="tests.test_agent_controller" name="test_parser_validates_tool_args_with_gateway_policy_and_keeps_canonical_type" time="0.002" /><testcase classname="tests.test_agent_controller" name="test_parser_rejects_ordinary_malformed_unknown_or_extra_content[raw0]" time="0.002" /><testcase classname="tests.test_agent_controller" name="test_parser_rejects_ordinary_malformed_unknown_or_extra_content[raw1]" time="0.002" /><testcase classname="tests.test_agent_controller" name="test_parser_rejects_ordinary_malformed_unknown_or_extra_content[raw2]" time="0.002" /><testcase classname="tests.test_agent_controller" name="test_parser_rejects_ordinary_malformed_unknown_or_extra_content[raw3]" time="0.002" /><testcase classname="tests.test_agent_controller" name="test_parser_rejects_ordinary_malformed_unknown_or_extra_content[raw4]" time="0.002" /><testcase classname="tests.test_agent_controller" name="test_parser_rejects_ordinary_malformed_unknown_or_extra_content[raw5]" time="0.002" /><testcase classname="tests.test_agent_controller" name="test_parser_rejects_ordinary_malformed_unknown_or_extra_content[raw6]" time="0.002" /><testcase classname="tests.test_agent_controller" name="test_parser_treats_ownership_and_server_budget_injection_as_policy_violation[args0]" time="0.002" /><testcase classname="tests.test_agent_controller" name="test_parser_treats_ownership_and_server_budget_injection_as_policy_violation[args1]" time="0.002" /><testcase classname="tests.test_agent_controller" name="test_parser_treats_ownership_and_server_budget_injection_as_policy_violation[args2]" time="0.002" /><testcase classname="tests.test_agent_controller" name="test_parser_treats_ownership_and_server_budget_injection_as_policy_violation[args3]" time="0.002" /><testcase classname="tests.test_agent_controller" name="test_parser_treats_ownership_and_server_budget_injection_as_policy_violation[args4]" time="0.002" /><testcase classname="tests.test_agent_controller" name="test_parser_treats_ownership_and_server_budget_injection_as_policy_violation[args5]" time="0.002" /><testcase classname="tests.test_agent_controller" name="test_parser_treats_ownership_and_server_budget_injection_as_policy_violation[args6]" time="0.002" /><testcase classname="tests.test_agent_controller" name="test_parser_treats_ownership_and_server_budget_injection_as_policy_violation[args7]" time="0.002" /><testcase classname="tests.test_agent_controller" name="test_parser_treats_top_level_ownership_injection_as_policy_violation" time="0.002" /><testcase classname="tests.test_agent_controller" name="test_parser_detects_ownership_injection_inside_nested_pydantic_model" time="0.002" /><testcase classname="tests.test_agent_controller" name="test_one_tool_reaches_drafting_without_another_planner_call_and_uses_trusted_context" time="0.003" /><testcase classname="tests.test_agent_controller" name="test_strict_checkpoint_order_and_version_progression_surrounds_tool_call" time="0.002" /><testcase classname="tests.test_agent_controller" name="test_executing_checkpoint_failure_calls_no_gateway_and_propagates" time="0.002" /><testcase classname="tests.test_agent_controller" name="test_post_tool_evaluating_checkpoint_failure_propagates_without_success_or_replay" time="0.002" /><testcase classname="tests.test_agent_controller" name="test_recovered_failed_evaluation_finishes_explicitly_without_replanning_or_reexecution" time="0.002" /><testcase classname="tests.test_agent_controller" name="test_planner_mutations_cannot_inject_evidence_or_change_request_bootstrap" time="0.002" /><testcase classname="tests.test_agent_controller" name="test_missing_fact_asks_exactly_one_deterministic_question_without_planner" time="0.002" /><testcase classname="tests.test_agent_controller" name="test_ask_user_forced_to_conditional_analysis_when_clarify_budget_exhausted" time="0.003" /><testcase classname="tests.test_agent_controller" name="test_finish_research_forced_to_conditional_analysis_when_clarify_budget_exhausted" time="0.002" /><testcase classname="tests.test_agent_controller" name="test_empty_issue_state_fails_safe_before_planner_or_gateway" time="0.002" /><testcase classname="tests.test_agent_controller" name="test_missing_evidence_replans_then_duplicate_budget_stops_without_reexecution" time="0.003" /><testcase classname="tests.test_agent_controller" name="test_incomplete_tool_evidence_is_not_materialized_or_linked" time="0.003" /><testcase classname="tests.test_agent_controller" name="test_unique_replan_budget_terminates_explicitly" time="0.003" /><testcase classname="tests.test_agent_controller" name="test_step_preflight_stops_before_gateway_when_three_checkpoints_do_not_fit" time="0.002" /><testcase classname="tests.test_agent_controller" name="test_tool_failure_persists_observation_then_fails_without_retry[TOOL_TIMEOUT]" time="0.002" /><testcase classname="tests.test_agent_controller" name="test_tool_failure_persists_observation_then_fails_without_retry[TOOL_BUSY]" time="0.002" /><testcase classname="tests.test_agent_controller" name="test_tool_failure_persists_observation_then_fails_without_retry[TOOL_EXECUTION_ERROR]" time="0.002" /><testcase classname="tests.test_agent_controller" name="test_tool_failure_persists_observation_then_fails_without_retry[TOOL_CALL_LIMIT_EXCEEDED]" time="0.002" /><testcase classname="tests.test_agent_controller" name="test_gateway_duplicate_after_durable_registration_is_invariant_failure_not_retry" time="0.002" /><testcase classname="tests.test_agent_controller" name="test_parse_error_is_explicit_degraded_failure_and_never_calls_gateway" time="0.002" /><testcase classname="tests.test_agent_controller" name="test_parse_error_retry_with_feedback_recovers_to_success_path" time="0.003" /><testcase classname="tests.test_agent_controller" name="test_g1_gate_skips_planner_when_sufficient" time="0.002" /><testcase classname="tests.test_agent_controller" name="test_g1_gate_forces_drafting_when_clarify_exhausted_with_evidence" time="0.002" /><testcase classname="tests.test_agent_controller" name="test_g1_gate_off_when_no_evidence_yet" time="0.003" /><testcase classname="tests.test_agent_controller" name="test_g2_issue_fanout_retrieves_for_evidence_less_issues" time="0.002" /><testcase classname="tests.test_agent_controller" name="test_g2_fanout_respects_existing_evidence_per_issue" time="0.002" /><testcase classname="tests.test_agent_controller" name="test_policy_injection_is_hard_failure_without_fallback_content" time="0.002" /><testcase classname="tests.test_agent_controller" name="test_policy_injection_remains_hard_failed_when_step_budget_is_exhausted" time="0.002" /><testcase classname="tests.test_agent_controller" name="test_bootstrap_conversation_mismatch_is_rejected_before_planner_or_gateway" time="0.002" /><testcase classname="tests.test_agent_controller" name="test_deployment_budgets_are_snapshotted_only_for_bootstrapping_run" time="0.003" /><testcase classname="tests.test_agent_controller" name="test_controller_module_has_no_direct_ai_retrieval_or_cache_imports" time="0.016" /><testcase classname="tests.test_agent_controller" name="test_real_sqlite_controller_is_owner_scoped_and_persists_state_step_order_and_evidence" time="0.327" /><testcase classname="tests.test_agent_coverage_loop" name="test_coverage_loop_persists_attempt_before_recall_then_passes" time="0.283" /><testcase classname="tests.test_agent_coverage_loop" name="test_coverage_loop_skips_rerender_when_budget_exhausted" time="0.002" /><testcase classname="tests.test_agent_coverage_loop" name="test_coverage_loop_keeps_original_result_when_rerender_fails_safe" time="0.287" /><testcase classname="tests.test_agent_coverage_loop" name="test_coverage_loop_reports_deficient_when_rerender_still_deficient" time="0.284" /><testcase classname="tests.test_agent_coverage_loop" name="test_coverage_loop_skips_rerender_when_deficiency_is_conflict_only" time="0.003" /><testcase classname="tests.test_agent_coverage_loop" name="test_coverage_attempt_cas_conflict_loser_does_not_recall" time="0.276" /><testcase classname="tests.test_agent_coverage_loop" name="test_coverage_loop_skips_rerender_when_deficient_issue_has_no_usable_evidence" time="0.291" /><testcase classname="tests.test_agent_coverage_loop" name="test_coverage_feedback_lists_only_deficient_issues_with_usable_evidence" time="0.002" /><testcase classname="tests.test_agent_coverage_loop" name="test_coverage_feedback_returns_none_when_no_repairable_deficiency" time="0.002" /><testcase classname="tests.test_agent_evaluator" name="test_evaluation_outcomes_serialize_as_stable_machine_codes" time="0.002" /><testcase classname="tests.test_agent_evaluator" name="test_two_issue_state_is_sufficient_only_when_each_issue_links_effective_statute" time="0.002" /><testcase classname="tests.test_agent_evaluator" name="test_missing_unknown_superseded_or_nonstatute_evidence_is_insufficient[None-MISSING_EFFECTIVE_STATUTE]" time="0.002" /><testcase classname="tests.test_agent_evaluator" name="test_missing_unknown_superseded_or_nonstatute_evidence_is_insufficient[candidate1-MISSING_EFFECTIVE_STATUTE]" time="0.002" /><testcase classname="tests.test_agent_evaluator" name="test_missing_unknown_superseded_or_nonstatute_evidence_is_insufficient[candidate2-MISSING_EFFECTIVE_STATUTE]" time="0.002" /><testcase classname="tests.test_agent_evaluator" name="test_missing_unknown_superseded_or_nonstatute_evidence_is_insufficient[candidate3-MISSING_EFFECTIVE_STATUTE]" time="0.002" /><testcase classname="tests.test_agent_evaluator" name="test_global_evidence_does_not_cover_an_unlinked_second_issue" time="0.002" /><testcase classname="tests.test_agent_evaluator" name="test_first_unknown_fact_is_selected_by_stable_issue_and_fact_order" time="0.002" /><testcase classname="tests.test_agent_evaluator" name="test_only_unresolved_critical_conflict_blocks_sufficiency[True-False-CONFLICT]" time="0.002" /><testcase classname="tests.test_agent_evaluator" name="test_only_unresolved_critical_conflict_blocks_sufficiency[True-True-SUFFICIENT]" time="0.002" /><testcase classname="tests.test_agent_evaluator" name="test_only_unresolved_critical_conflict_blocks_sufficiency[False-False-SUFFICIENT]" time="0.002" /><testcase classname="tests.test_agent_evaluator" name="test_structural_integrity_failures_fail_safe[state0]" time="0.002" /><testcase classname="tests.test_agent_evaluator" name="test_structural_integrity_failures_fail_safe[state1]" time="0.002" /><testcase classname="tests.test_agent_evaluator" name="test_structural_integrity_failures_fail_safe[state2]" time="0.002" /><testcase classname="tests.test_agent_evaluator" name="test_structural_integrity_failures_fail_safe[state3]" time="0.002" /><testcase classname="tests.test_agent_evaluator" name="test_structural_integrity_failures_fail_safe[state4]" time="0.002" /><testcase classname="tests.test_agent_evaluator" name="test_structural_integrity_failures_fail_safe[state5]" time="0.002" /><testcase classname="tests.test_agent_evaluator" name="test_evaluation_is_invariant_to_observation_prose" time="0.002" /><testcase classname="tests.test_agent_gate" name="test_exact_article_lookup_stays_fast_path" time="0.002" /><testcase classname="tests.test_agent_gate" name="test_criminal_civil_boundary_routes_to_agent" time="0.002" /><testcase classname="tests.test_agent_gate" name="test_report_or_arbitration_variants_route_to_agent" time="0.002" /><testcase classname="tests.test_agent_gate" name="test_limitation_acknowledgement_example_has_both_independent_expected_codes" time="0.002" /><testcase classname="tests.test_agent_gate" name="test_representative_complex_cases_have_stable_decisions[bootstrap0-expected0]" time="0.002" /><testcase classname="tests.test_agent_gate" name="test_representative_complex_cases_have_stable_decisions[bootstrap1-expected1]" time="0.002" /><testcase classname="tests.test_agent_gate" name="test_representative_complex_cases_have_stable_decisions[bootstrap2-expected2]" time="0.002" /><testcase classname="tests.test_agent_gate" name="test_representative_complex_cases_have_stable_decisions[bootstrap3-expected3]" time="0.002" /><testcase classname="tests.test_agent_gate" name="test_non_agent_policy_and_empty_inputs_are_safe_and_stable[bootstrap0-expected0]" time="0.002" /><testcase classname="tests.test_agent_gate" name="test_non_agent_policy_and_empty_inputs_are_safe_and_stable[bootstrap1-expected1]" time="0.002" /><testcase classname="tests.test_agent_gate" name="test_non_agent_policy_and_empty_inputs_are_safe_and_stable[bootstrap2-expected2]" time="0.002" /><testcase classname="tests.test_agent_gate" name="test_non_agent_policy_and_empty_inputs_are_safe_and_stable[bootstrap3-expected3]" time="0.002" /><testcase classname="tests.test_agent_gate" name="test_exact_article_signal_never_overrides_material_complexity" time="0.002" /><testcase classname="tests.test_agent_gate" name="test_same_bootstrap_is_deep_equal_with_stable_reason_order" time="0.006" /><testcase classname="tests.test_agent_gate" name="test_gate_decision_reason_codes_are_deeply_immutable_and_dump_as_json_array" time="0.002" /><testcase classname="tests.test_agent_gate" name="test_gate_decision_rejects_invalid_reason_code_contract[reason_codes0]" time="0.002" /><testcase classname="tests.test_agent_gate" name="test_gate_decision_rejects_invalid_reason_code_contract[reason_codes1]" time="0.002" /><testcase classname="tests.test_agent_gate" name="test_gate_decision_rejects_invalid_reason_code_contract[reason_codes2]" time="0.002" /><testcase classname="tests.test_agent_gate" name="test_gate_decision_rejects_invalid_reason_code_contract[reason_codes3]" time="0.002" /><testcase classname="tests.test_agent_gate" name="test_gate_decision_json_round_trip_preserves_tuple_and_stable_order" time="0.002" /><testcase classname="tests.test_agent_gate" name="test_gate_module_has_no_forbidden_capability_imports_or_dynamic_calls" time="0.007" /><testcase classname="tests.test_agent_gate" name="test_settings_default_safe_off_and_task_7_budget_snapshot_sources" time="0.004" /><testcase classname="tests.test_agent_gate" name="test_settings_reject_invalid_agent_rollout_and_budget_values[agent_traffic_percent--1]" time="0.004" /><testcase classname="tests.test_agent_gate" name="test_settings_reject_invalid_agent_rollout_and_budget_values[agent_traffic_percent-101]" time="0.004" /><testcase classname="tests.test_agent_gate" name="test_settings_reject_invalid_agent_rollout_and_budget_values[agent_max_steps-0]" time="0.004" /><testcase classname="tests.test_agent_gate" name="test_settings_reject_invalid_agent_rollout_and_budget_values[agent_max_steps-33]" time="0.003" /><testcase classname="tests.test_agent_gate" name="test_settings_reject_invalid_agent_rollout_and_budget_values[agent_max_tool_calls-0]" time="0.004" /><testcase classname="tests.test_agent_gate" name="test_settings_reject_invalid_agent_rollout_and_budget_values[agent_max_tool_calls-33]" time="0.004" /><testcase classname="tests.test_agent_gate" name="test_settings_reject_invalid_agent_rollout_and_budget_values[agent_max_replans--1]" time="0.004" /><testcase classname="tests.test_agent_gate" name="test_settings_reject_invalid_agent_rollout_and_budget_values[agent_max_replans-33]" time="0.004" /><testcase classname="tests.test_agent_gate" name="test_settings_reject_invalid_agent_rollout_and_budget_values[agent_max_clarifications--1]" time="0.004" /><testcase classname="tests.test_agent_gate" name="test_settings_reject_invalid_agent_rollout_and_budget_values[agent_max_clarifications-33]" time="0.004" /><testcase classname="tests.test_agent_gate" name="test_settings_reject_invalid_agent_rollout_and_budget_values[agent_max_verifier_research_returns--1]" time="0.004" /><testcase classname="tests.test_agent_gate" name="test_settings_reject_invalid_agent_rollout_and_budget_values[agent_max_verifier_research_returns-33]" time="0.003" /><testcase classname="tests.test_agent_gate" name="test_agent_correlation_is_hashed_stable_and_uses_current_request_id" time="0.002" /><testcase classname="tests.test_agent_gate" name="test_agent_correlation_has_documented_deterministic_unit_test_fallback" time="0.001" /><testcase classname="tests.test_agent_gate" name="test_shadow_off_never_calls_gate_and_returns_exact_fast_result" time="0.002" /><testcase classname="tests.test_agent_gate" name="test_shadow_on_calls_gate_between_bootstrap_and_fast_path_once" time="0.002" /><testcase classname="tests.test_agent_gate" name="test_enabled_and_full_traffic_still_never_start_agent_in_task_6" time="0.002" /><testcase classname="tests.test_agent_gate" name="test_gate_exception_is_observable_and_fails_open" time="0.002" /><testcase classname="tests.test_agent_gate" name="test_metric_failure_is_logged_and_fails_open" time="0.002" /><testcase classname="tests.test_agent_gate" name="test_logging_failure_is_counted_and_fails_open" time="0.004" /><testcase classname="tests.test_agent_gate" name="test_account_and_fallback_logger_failures_do_not_block_or_repeat_prepare" time="0.002" /><testcase classname="tests.test_agent_gate" name="test_all_three_observers_may_fail_without_blocking_or_repeating_prepare" time="0.002" /><testcase classname="tests.test_agent_gate" name="test_shadow_setup_and_terminal_logger_failures_do_not_block_or_repeat_prepare" time="0.002" /><testcase classname="tests.test_agent_prompt_contracts" name="test_planner_prompt_states_exact_tool_call_fields" time="0.001" /><testcase classname="tests.test_agent_prompt_contracts" name="test_planner_prompt_states_per_tool_args_fields" time="0.001" /><testcase classname="tests.test_agent_prompt_contracts" name="test_documented_tool_call_example_passes_strict_validator" time="0.002" /><testcase classname="tests.test_agent_prompt_contracts" name="test_writer_prompt_states_claims_output_schema" time="0.001" /><testcase classname="tests.test_agent_prompt_contracts" name="test_strict_json_tolerates_single_markdown_fence" time="0.002" /><testcase classname="tests.test_agent_repository" name="test_other_user_cannot_load_agent_run" time="0.280" /><testcase classname="tests.test_agent_repository" name="test_other_conversation_cannot_load_agent_run" time="0.268" /><testcase classname="tests.test_agent_repository" name="test_cannot_create_run_for_another_users_conversation" time="0.249" /><testcase classname="tests.test_agent_repository" name="test_stale_state_version_cannot_overwrite_newer_run" time="0.265" /><testcase classname="tests.test_agent_repository" name="test_compare_and_save_rejects_status_that_conflicts_with_state" time="0.260" /><testcase classname="tests.test_agent_repository" name="test_state_change_writes_step_in_same_commit" time="0.268" /><testcase classname="tests.test_agent_repository" name="test_create_run_persists_serialized_state_and_defaults" time="0.247" /><testcase classname="tests.test_agent_repository" name="test_checkpoint_metadata_and_materialized_evidence_commit_atomically" time="0.274" /><testcase classname="tests.test_agent_repository" name="test_commit_failure_rolls_back_run_step_and_evidence_together" time="0.266" /><testcase classname="tests.test_agent_repository" name="test_checkpoint_persists_explicit_degraded_and_pending_run_fields" time="0.271" /><testcase classname="tests.test_agent_resume" name="test_chat_in_resume_fields_are_uuid_versioned_and_all_or_none" time="0.002" /><testcase classname="tests.test_agent_resume" name="test_legal_resume_updates_exact_issue_once_and_preserves_other_state" time="0.288" /><testcase classname="tests.test_agent_resume" name="test_resume_not_found_is_non_enumerating_and_does_not_mutate[user]" time="0.305" /><testcase classname="tests.test_agent_resume" name="test_resume_not_found_is_non_enumerating_and_does_not_mutate[conversation]" time="0.268" /><testcase classname="tests.test_agent_resume" name="test_resume_conflicts_are_stable_and_do_not_duplicate[stale]" time="0.268" /><testcase classname="tests.test_agent_resume" name="test_resume_conflicts_are_stable_and_do_not_duplicate[non_waiting]" time="0.266" /><testcase classname="tests.test_agent_resume" name="test_resume_conflicts_are_stable_and_do_not_duplicate[inconsistent_pending]" time="0.262" /><testcase classname="tests.test_agent_resume" name="test_resume_conflicts_are_stable_and_do_not_duplicate[duplicate]" time="0.267" /><testcase classname="tests.test_agent_resume" name="test_commit_failure_rolls_back_run_state_pending_and_step" time="0.296" /><testcase classname="tests.test_agent_resume" name="test_two_independent_sessions_allow_only_one_database_cas" time="0.279" /><testcase classname="tests.test_agent_resume" name="test_clarification_projection_has_exact_keys_and_no_internal_rationale" time="0.002" /><testcase classname="tests.test_agent_resume" name="test_http_resume_kill_switch_rejects_before_any_state_change" time="0.267" /><testcase classname="tests.test_agent_resume" name="test_http_resume_failures_bypass_pre_and_emit_no_sse[payload_update0-400-\u8bf7\u8f93\u5165\u5bf9 Agent \u8ffd\u95ee\u7684\u56de\u7b54]" time="0.255" /><testcase classname="tests.test_agent_resume" name="test_http_resume_failures_bypass_pre_and_emit_no_sse[payload_update1-501-\u56fe\u7247\u7406\u89e3\u5f53\u524d\u4e0d\u53ef\u7528\uff1a\u6240\u914d\u7f6e\u6a21\u578b\u65e0\u89c6\u89c9\u80fd\u529b]" time="0.259" /><testcase classname="tests.test_agent_resume" name="test_http_resume_failures_bypass_pre_and_emit_no_sse[payload_update2-404-\u672a\u627e\u5230\u53ef\u6062\u590d\u7684 Agent \u4efb\u52a1]" time="0.279" /><testcase classname="tests.test_agent_resume" name="test_http_resume_failures_bypass_pre_and_emit_no_sse[payload_update3-409-Agent \u4efb\u52a1\u5df2\u53d8\u5316\uff0c\u65e0\u6cd5\u6062\u590d]" time="0.262" /><testcase classname="tests.test_agent_resume" name="test_ordinary_followup_without_run_id_does_not_query_or_guess_waiting_run" time="0.252" /><testcase classname="tests.test_agent_resume" name="test_resume_explicit_unknown_is_acknowledged_not_conflict" time="0.270" /><testcase classname="tests.test_agent_resume" name="test_resume_uses_pending_anchor_even_when_evaluator_prefers_another_issue" time="0.271" /><testcase classname="tests.test_agent_resume" name="test_resume_unknown_pending_anchor_still_conflicts" time="0.251" /><testcase classname="tests.test_agent_resume" name="test_resume_twice_advances_version_chain" time="0.273" /><testcase classname="tests.test_agent_resume" name="test_resume_when_steps_budget_exhausted_still_conflicts" time="0.461" /><testcase classname="tests.test_agent_rollout" name="test_rollout_hard_boundaries[fast_path-True-100-False]" time="0.004" /><testcase classname="tests.test_agent_rollout" name="test_rollout_hard_boundaries[agent_path-False-100-False]" time="0.004" /><testcase classname="tests.test_agent_rollout" name="test_rollout_hard_boundaries[agent_path-True-0-False]" time="0.004" /><testcase classname="tests.test_agent_rollout" name="test_rollout_hard_boundaries[agent_path-True-100-True]" time="0.004" /><testcase classname="tests.test_agent_rollout" name="test_rollout_uses_frozen_sha256_v1_buckets_and_is_repeatable" time="0.004" /><testcase classname="tests.test_agent_rollout" name="test_invalid_stable_seed_fails_closed[]" time="0.003" /><testcase classname="tests.test_agent_rollout" name="test_invalid_stable_seed_fails_closed[None]" time="0.003" /><testcase classname="tests.test_agent_rollout" name="test_invalid_stable_seed_fails_closed[seed-a]" time="0.003" /><testcase classname="tests.test_agent_rollout" name="test_settings_rollout_defaults_are_safe_off_even_if_other_test_env_exists" time="0.003" /><testcase classname="tests.test_agent_rollout" name="test_settings_rollout_reads_explicit_environment_in_isolation" time="0.003" /><testcase classname="tests.test_agent_rollout" name="test_technical_fallback_allowlist_is_immutable_and_complete" time="0.002" /><testcase classname="tests.test_agent_rollout" name="test_non_allowlisted_reason_is_not_a_technical_fallback[AUTHORIZATION_FAILURE]" time="0.002" /><testcase classname="tests.test_agent_rollout" name="test_non_allowlisted_reason_is_not_a_technical_fallback[OWNERSHIP_FAILURE]" time="0.002" /><testcase classname="tests.test_agent_rollout" name="test_non_allowlisted_reason_is_not_a_technical_fallback[POLICY_CHEATING_REQUEST]" time="0.002" /><testcase classname="tests.test_agent_rollout" name="test_non_allowlisted_reason_is_not_a_technical_fallback[PROMPT_INJECTION_DETECTED]" time="0.002" /><testcase classname="tests.test_agent_rollout" name="test_non_allowlisted_reason_is_not_a_technical_fallback[INPUT_VALIDATION_ERROR]" time="0.002" /><testcase classname="tests.test_agent_rollout" name="test_non_allowlisted_reason_is_not_a_technical_fallback[LAW_DATE_MISMATCH]" time="0.002" /><testcase classname="tests.test_agent_rollout" name="test_non_allowlisted_reason_is_not_a_technical_fallback[FAIL_SAFE]" time="0.002" /><testcase classname="tests.test_agent_rollout" name="test_non_allowlisted_reason_is_not_a_technical_fallback[FINAL_GATE_TECHNICAL_FAILURE]" time="0.002" /><testcase classname="tests.test_agent_rollout" name="test_non_allowlisted_reason_is_not_a_technical_fallback[]" time="0.002" /><testcase classname="tests.test_agent_rollout" name="test_non_allowlisted_reason_is_not_a_technical_fallback[None]" time="0.002" /><testcase classname="tests.test_agent_rollout" name="test_actual_route_and_fallback_metrics_are_separate_from_gate_prediction" time="0.002" /><testcase classname="tests.test_agent_rollout" name="test_actual_route_metric_rejects_invalid_route[]" time="0.002" /><testcase classname="tests.test_agent_rollout" name="test_actual_route_metric_rejects_invalid_route[shadow]" time="0.002" /><testcase classname="tests.test_agent_rollout" name="test_actual_route_metric_rejects_invalid_route[unknown]" time="0.002" /><testcase classname="tests.test_agent_rollout" name="test_actual_route_metric_rejects_invalid_route[None]" time="0.002" /><testcase classname="tests.test_agent_rollout" name="test_actual_route_metric_rejects_forbidden_fallback_reason[FAIL_SAFE]" time="0.002" /><testcase classname="tests.test_agent_rollout" name="test_actual_route_metric_rejects_forbidden_fallback_reason[AUTHORIZATION_FAILURE]" time="0.002" /><testcase classname="tests.test_agent_rollout" name="test_actual_route_metric_rejects_forbidden_fallback_reason[FINAL_GATE_TECHNICAL_FAILURE]" time="0.002" /><testcase classname="tests.test_agent_rollout" name="test_fallback_metric_requires_fast_path_actual_route" time="0.002" /><testcase classname="tests.test_agent_rollout" name="test_reset_clears_actual_route_metrics" time="0.002" /><testcase classname="tests.test_agent_rollout" name="test_concurrent_actual_route_records_do_not_lose_counts" time="0.029" /><testcase classname="tests.test_agent_runtime" name="test_issue_decomposition_derives_stable_ids_and_only_accepts_verbatim_user_facts" time="0.002" /><testcase classname="tests.test_agent_runtime" name="test_issue_decomposition_fails_closed_for_empty_duplicate_owned_or_invented_data[payload0]" time="0.002" /><testcase classname="tests.test_agent_runtime" name="test_issue_decomposition_fails_closed_for_empty_duplicate_owned_or_invented_data[payload1]" time="0.002" /><testcase classname="tests.test_agent_runtime" name="test_issue_decomposition_fails_closed_for_empty_duplicate_owned_or_invented_data[payload2]" time="0.002" /><testcase classname="tests.test_agent_runtime" name="test_issue_decomposition_fails_closed_for_empty_duplicate_owned_or_invented_data[payload3]" time="0.002" /><testcase classname="tests.test_agent_runtime" name="test_issue_decomposition_rejects_prose_wrapped_json" time="0.002" /><testcase classname="tests.test_agent_runtime" name="test_issue_decomposition_reports_transport_failure_without_silent_single_issue_fallback" time="0.002" /><testcase classname="tests.test_agent_runtime" name="test_issue_decomposer_sends_only_current_query_as_data" time="0.002" /><testcase classname="tests.test_agent_runtime" name="test_planner_adapter_returns_untrusted_json_for_existing_parser_and_omits_ownership" time="0.002" /><testcase classname="tests.test_agent_runtime" name="test_planner_server_owned_injection_is_rejected_by_existing_trust_boundary" time="0.002" /><testcase classname="tests.test_agent_runtime" name="test_planner_adapter_retries_once_then_recovers_when_first_output_malformed" time="0.002" /><testcase classname="tests.test_agent_runtime" name="test_planner_adapter_retry_exhausted_still_raises_parse_error" time="0.002" /><testcase classname="tests.test_agent_runtime" name="test_draft_adapter_sends_exact_writer_payload_and_prompt" time="0.002" /><testcase classname="tests.test_agent_runtime" name="test_draft_adapter_cannot_issue_server_owned_claim_audit_fields[claim_id]" time="0.002" /><testcase classname="tests.test_agent_runtime" name="test_draft_adapter_cannot_issue_server_owned_claim_audit_fields[claim_checks]" time="0.002" /><testcase classname="tests.test_agent_runtime" name="test_draft_adapter_cannot_issue_server_owned_claim_audit_fields[supported]" time="0.002" /><testcase classname="tests.test_agent_runtime" name="test_draft_adapter_cannot_issue_server_owned_claim_audit_fields[rationale]" time="0.002" /><testcase classname="tests.test_agent_runtime" name="test_runtime_factory_builds_real_components_and_snapshots_budgets" time="0.002" /><testcase classname="tests.test_agent_runtime" name="test_runtime_factory_maps_only_registry_uninitialized_assertion_to_unavailable" time="0.002" /><testcase classname="tests.test_agent_runtime" name="test_draft_generator_binds_json_schema_response_format" time="0.003" /><testcase classname="tests.test_agent_runtime" name="test_draft_generator_falls_back_to_plain_invoke_when_platform_rejects_schema" time="0.003" /><testcase classname="tests.test_agent_runtime" name="test_issue_decomposer_binds_json_schema_response_format" time="0.003" /><testcase classname="tests.test_agent_runtime" name="test_issue_decomposer_falls_back_to_plain_invoke_when_platform_rejects_schema" time="0.003" /><testcase classname="tests.test_agent_runtime" name="test_schema_capability_rejection_judges_narrowly" time="0.002" /><testcase classname="tests.test_agent_runtime" name="test_schema_capability_rejection_reads_structured_body" time="0.001" /><testcase classname="tests.test_agent_runtime" name="test_schema_rejection_falls_back_exactly_once_per_adapter[issue_decomposition-&lt;lambda&gt;-{&quot;issues&quot;: [{&quot;question&quot;: &quot;\u516c\u53f8\u62d6\u6b20\u4e24\u4e2a\u6708\u5de5\u8d44\u65f6\uff0c\u52b3\u52a8\u8005\u53ef\u4ee5\u4e3b\u5f20\u54ea\u4e9b\u6743\u5229\uff1f&quot;, &quot;facts&quot;: [{&quot;quote&quot;: &quot;\u516c\u53f8\u62d6\u6b20\u6211\u4e24\u4e2a\u6708\u5de5\u8d44&quot;}], &quot;unknown_facts&quot;: [{&quot;statement&quot;: &quot;\u52b3\u52a8\u5408\u540c\u7ea6\u5b9a\u7684\u5de5\u8d44\u652f\u4ed8\u65e5\u662f\u4ec0\u4e48\uff1f&quot;, &quot;why_outcome_changes&quot;: &quot;\u5f71\u54cd\u62d6\u6b20\u671f\u95f4\u548c\u91d1\u989d\u7684\u786e\u5b9a\u3002&quot;}]}, {&quot;question&quot;: &quot;\u53e3\u5934\u89e3\u9664\u52b3\u52a8\u5408\u540c\u662f\u5426\u5408\u6cd5\uff1f&quot;, &quot;facts&quot;: [{&quot;quote&quot;: &quot;\u5728\u6628\u5929\u53e3\u5934\u89e3\u9664\u52b3\u52a8\u5408\u540c&quot;}], &quot;unknown_facts&quot;: []}]}]" time="0.004" /><testcase classname="tests.test_agent_runtime" name="test_schema_rejection_falls_back_exactly_once_per_adapter[planner-&lt;lambda&gt;-{&quot;kind&quot;: &quot;finish_research&quot;, &quot;summary&quot;: &quot;s&quot;}]" time="0.008" /><testcase classname="tests.test_agent_runtime" name="test_schema_rejection_falls_back_exactly_once_per_adapter[draft-&lt;lambda&gt;-{&quot;claims&quot;: [{&quot;local_id&quot;: &quot;c1&quot;, &quot;issue_id&quot;: &quot;issue_1&quot;, &quot;text&quot;: &quot;\u793a\u4f8b\u4e3b\u5f20&quot;, &quot;evidence_ids&quot;: [], &quot;fact_ids&quot;: [], &quot;section&quot;: &quot;conclusion&quot;}], &quot;missing_information&quot;: []}]" time="0.003" /><testcase classname="tests.test_agent_runtime" name="test_auth_failure_on_bound_invoke_propagates_without_fallback_per_adapter[issue_decomposition-&lt;lambda&gt;-{&quot;issues&quot;: [{&quot;question&quot;: &quot;\u516c\u53f8\u62d6\u6b20\u4e24\u4e2a\u6708\u5de5\u8d44\u65f6\uff0c\u52b3\u52a8\u8005\u53ef\u4ee5\u4e3b\u5f20\u54ea\u4e9b\u6743\u5229\uff1f&quot;, &quot;facts&quot;: [{&quot;quote&quot;: &quot;\u516c\u53f8\u62d6\u6b20\u6211\u4e24\u4e2a\u6708\u5de5\u8d44&quot;}], &quot;unknown_facts&quot;: [{&quot;statement&quot;: &quot;\u52b3\u52a8\u5408\u540c\u7ea6\u5b9a\u7684\u5de5\u8d44\u652f\u4ed8\u65e5\u662f\u4ec0\u4e48\uff1f&quot;, &quot;why_outcome_changes&quot;: &quot;\u5f71\u54cd\u62d6\u6b20\u671f\u95f4\u548c\u91d1\u989d\u7684\u786e\u5b9a\u3002&quot;}]}, {&quot;question&quot;: &quot;\u53e3\u5934\u89e3\u9664\u52b3\u52a8\u5408\u540c\u662f\u5426\u5408\u6cd5\uff1f&quot;, &quot;facts&quot;: [{&quot;quote&quot;: &quot;\u5728\u6628\u5929\u53e3\u5934\u89e3\u9664\u52b3\u52a8\u5408\u540c&quot;}], &quot;unknown_facts&quot;: []}]}]" time="0.004" /><testcase classname="tests.test_agent_runtime" name="test_auth_failure_on_bound_invoke_propagates_without_fallback_per_adapter[planner-&lt;lambda&gt;-{&quot;kind&quot;: &quot;finish_research&quot;, &quot;summary&quot;: &quot;s&quot;}]" time="0.007" /><testcase classname="tests.test_agent_runtime" name="test_auth_failure_on_bound_invoke_propagates_without_fallback_per_adapter[draft-&lt;lambda&gt;-{&quot;claims&quot;: [{&quot;local_id&quot;: &quot;c1&quot;, &quot;issue_id&quot;: &quot;issue_1&quot;, &quot;text&quot;: &quot;\u793a\u4f8b\u4e3b\u5f20&quot;, &quot;evidence_ids&quot;: [], &quot;fact_ids&quot;: [], &quot;section&quot;: &quot;conclusion&quot;}], &quot;missing_information&quot;: []}]" time="0.003" /><testcase classname="tests.test_agent_runtime" name="test_non_rejection_failures_never_fall_back[429-rate limit exceeded-None]" time="0.003" /><testcase classname="tests.test_agent_runtime" name="test_non_rejection_failures_never_fall_back[400-invalid max_tokens value-None]" time="0.003" /><testcase classname="tests.test_agent_runtime" name="test_non_rejection_failures_never_fall_back[None-request timed out-TimeoutError]" time="0.003" /><testcase classname="tests.test_agent_runtime" name="test_transport_without_bind_invokes_plain_exactly_once" time="0.002" /><testcase classname="tests.test_agent_runtime" name="test_local_schema_build_failure_falls_back_with_diagnostic" time="0.002" /><testcase classname="tests.test_agent_runtime" name="test_plain_invoke_failure_after_schema_rejection_propagates" time="0.002" /><testcase classname="tests.test_agent_state_machine" name="test_waiting_user_can_resume_only_to_planning" time="0.002" /><testcase classname="tests.test_agent_state_machine" name="test_same_issue_same_tool_same_args_is_blocked" time="0.002" /><testcase classname="tests.test_agent_state_machine" name="test_action_fingerprint_is_independent_of_argument_order" time="0.003" /><testcase classname="tests.test_agent_state_machine" name="test_each_configured_budget_exhaustion_is_a_safe_terminal_decision[transition-budget0-steps]" time="0.002" /><testcase classname="tests.test_agent_state_machine" name="test_each_configured_budget_exhaustion_is_a_safe_terminal_decision[action-budget1-tool_calls]" time="0.002" /><testcase classname="tests.test_agent_state_machine" name="test_each_configured_budget_exhaustion_is_a_safe_terminal_decision[replan-budget2-replans]" time="0.002" /><testcase classname="tests.test_agent_state_machine" name="test_each_configured_budget_exhaustion_is_a_safe_terminal_decision[clarification-budget3-clarifications]" time="0.002" /><testcase classname="tests.test_agent_state_machine" name="test_each_configured_budget_exhaustion_is_a_safe_terminal_decision[verifier_research-budget4-verifier_research_returns]" time="0.002" /><testcase classname="tests.test_agent_state_machine" name="test_verifier_research_return_is_durable_across_json_round_trip" time="0.002" /><testcase classname="tests.test_agent_state_machine" name="test_duplicate_attempt_budget_is_scoped_per_issue" time="0.002" /><testcase classname="tests.test_agent_state_machine" name="test_duplicate_action_exposes_updated_state_until_per_issue_limit_is_exhausted" time="0.002" /><testcase classname="tests.test_agent_state_machine" name="test_plan_decisions_are_discriminated_and_tool_calls_keep_typed_args" time="0.002" /><testcase classname="tests.test_agent_state_machine" name="test_legacy_evidence_observation_shape_remains_state_compatible" time="0.002" /><testcase classname="tests.test_agent_state_machine" name="test_observation_rejects_cross_field_invariants_from_python_and_json[invalid_payload0]" time="0.002" /><testcase classname="tests.test_agent_state_machine" name="test_observation_rejects_cross_field_invariants_from_python_and_json[invalid_payload1]" time="0.002" /><testcase classname="tests.test_agent_state_machine" name="test_observation_rejects_cross_field_invariants_from_python_and_json[invalid_payload2]" time="0.002" /><testcase classname="tests.test_agent_state_machine" name="test_observation_rejects_cross_field_invariants_from_python_and_json[invalid_payload3]" time="0.002" /><testcase classname="tests.test_agent_state_machine" name="test_observation_rejects_cross_field_invariants_from_python_and_json[invalid_payload4]" time="0.002" /><testcase classname="tests.test_agent_state_machine" name="test_observation_rejects_cross_field_invariants_from_python_and_json[invalid_payload5]" time="0.002" /><testcase classname="tests.test_agent_state_machine" name="test_observation_rejects_cross_field_invariants_from_python_and_json[invalid_payload6]" time="0.002" /><testcase classname="tests.test_agent_state_machine" name="test_observation_rejects_cross_field_invariants_from_python_and_json[invalid_payload7]" time="0.002" /><testcase classname="tests.test_agent_state_machine" name="test_observation_rejects_cross_field_invariants_from_python_and_json[invalid_payload8]" time="0.002" /><testcase classname="tests.test_agent_verifier" name="test_verifier_requires_every_issue_and_returns_stable_claim_ids" time="0.002" /><testcase classname="tests.test_agent_verifier" name="test_unresolved_critical_conflict_obeys_durable_one_return_budget" time="0.003" /><testcase classname="tests.test_agent_verifier" name="test_integrity_failure_is_fail_safe_and_cannot_be_upgraded_by_reviewer" time="0.002" /><testcase classname="tests.test_agent_verifier" name="test_wording_only_overconfidence_returns_rewrite" time="0.002" /><testcase classname="tests.test_agent_verifier" name="test_only_pass_can_render" time="0.003" /><testcase classname="tests.test_agent_verifier" name="test_pass_renders_six_sections_without_internal_ids" time="0.003" /><testcase classname="tests.test_agent_verifier" name="test_pass_is_bound_to_the_exact_immutable_draft" time="0.003" /><testcase classname="tests.test_agent_verifier" name="test_buffered_finalization_order_short_circuits_and_rechecks_after_normalize" time="0.003" /><testcase classname="tests.test_agent_verifier" name="test_finalization_never_normalizes_after_citation_or_quality_failure" time="0.004" /><testcase classname="tests.test_agent_verifier" name="test_verifier_fails_safe_before_retry_for_dangling_conflicts[False]" time="0.002" /><testcase classname="tests.test_agent_verifier" name="test_verifier_fails_safe_before_retry_for_dangling_conflicts[True]" time="0.002" /><testcase classname="tests.test_agent_verifier" name="test_verifier_rejects_empty_issue_state" time="0.002" /><testcase classname="tests.test_agent_verifier" name="test_verifier_accepts_shared_evidence_for_each_linked_issue" time="0.003" /><testcase classname="tests.test_agent_verifier" name="test_verifier_independently_rejects_fabricated_citation" time="0.002" /><testcase classname="tests.test_agent_verifier" name="test_verifier_rejects_noncanonical_citation_before_normalization[\u6839\u636e\u6c11\u6cd5\u5178\u7b2c\u4e94\u767e\u516b\u5341\u4e94\u6761\uff0c\u8bc9\u8bbc\u65f6\u6548\u671f\u95f4\u901a\u5e38\u4e3a\u4e09\u5e74\u3002]" time="0.002" /><testcase classname="tests.test_agent_verifier" name="test_verifier_rejects_noncanonical_citation_before_normalization[\u6839\u636e\u300a\u6c11\u6cd5\u5178\u300b\u7b2c\u4e00\u767e\u516b\u5341\u516b\u6761\u3001\u7b2c\u4e94\u767e\u516b\u5341\u4e94\u6761\uff0c\u8bc9\u8bbc\u65f6\u6548\u671f\u95f4\u901a\u5e38\u4e3a\u4e09\u5e74\u3002]" time="0.002" /><testcase classname="tests.test_agent_verifier" name="test_verifier_does_not_accept_user_fact_as_statute_citation_authority" time="0.002" /><testcase classname="tests.test_agent_verifier" name="test_verifier_independently_rejects_numeric_unit_swap" time="0.002" /><testcase classname="tests.test_agent_verifier" name="test_post_normalize_citation_failure_and_non_pass_short_circuit" time="0.003" /><testcase classname="tests.test_agent_writer" name="test_writer_payload_is_allowlisted_and_excludes_untrusted_canaries" time="0.002" /><testcase classname="tests.test_agent_writer" name="test_writer_rejects_malformed_extra_unknown_section_and_duplicate_local_ids[raw text]" time="0.002" /><testcase classname="tests.test_agent_writer" name="test_writer_rejects_malformed_extra_unknown_section_and_duplicate_local_ids[response1]" time="0.002" /><testcase classname="tests.test_agent_writer" name="test_writer_rejects_malformed_extra_unknown_section_and_duplicate_local_ids[response2]" time="0.002" /><testcase classname="tests.test_agent_writer" name="test_writer_rejects_malformed_extra_unknown_section_and_duplicate_local_ids[response3]" time="0.002" /><testcase classname="tests.test_agent_writer" name="test_writer_drops_zero_evidence_claim_from_every_section" time="0.002" /><testcase classname="tests.test_agent_writer" name="test_writer_fails_safe_for_unknown_cross_issue_or_invalid_sources[updates0-None-UNKNOWN_EVIDENCE_ID]" time="0.002" /><testcase classname="tests.test_agent_writer" name="test_writer_fails_safe_for_unknown_cross_issue_or_invalid_sources[updates1-None-CROSS_ISSUE_EVIDENCE]" time="0.002" /><testcase classname="tests.test_agent_writer" name="test_writer_fails_safe_for_unknown_cross_issue_or_invalid_sources[updates2-&lt;lambda&gt;-INVALID_STATUTE_EVIDENCE]" time="0.002" /><testcase classname="tests.test_agent_writer" name="test_writer_fails_safe_for_unknown_cross_issue_or_invalid_sources[updates3-None-UNKNOWN_FACT_ID]" time="0.002" /><testcase classname="tests.test_agent_writer" name="test_writer_derives_fact_and_claim_ids_and_accepts_bound_number" time="0.003" /><testcase classname="tests.test_agent_writer" name="test_writer_fails_safe_for_unsupported_numbers_dates_amounts_and_durations[\u91d1\u989d\u4e3a5000\u5143\u3002]" time="0.002" /><testcase classname="tests.test_agent_writer" name="test_writer_fails_safe_for_unsupported_numbers_dates_amounts_and_durations[\u6bd4\u4f8b\u4e3a30%\u3002]" time="0.002" /><testcase classname="tests.test_agent_writer" name="test_writer_fails_safe_for_unsupported_numbers_dates_amounts_and_durations[\u65e5\u671f\u4e3a2025\u5e741\u67081\u65e5\u3002]" time="0.002" /><testcase classname="tests.test_agent_writer" name="test_writer_fails_safe_for_unsupported_numbers_dates_amounts_and_durations[\u671f\u9650\u4e3a\u516d\u4e2a\u6708\u3002]" time="0.002" /><testcase classname="tests.test_agent_writer" name="test_writer_rejects_invented_missing_information" time="0.002" /><testcase classname="tests.test_agent_writer" name="test_writer_rejects_citation_not_present_in_claim_bound_evidence" time="0.002" /><testcase classname="tests.test_agent_writer" name="test_writer_rejects_noncanonical_citation_before_normalization[\u6839\u636e\u6c11\u6cd5\u5178\u7b2c\u4e94\u767e\u516b\u5341\u4e94\u6761\uff0c\u8bc9\u8bbc\u65f6\u6548\u671f\u95f4\u4e3a\u4e09\u5e74\u3002]" time="0.002" /><testcase classname="tests.test_agent_writer" name="test_writer_rejects_noncanonical_citation_before_normalization[\u6839\u636e\u300a\u6c11\u6cd5\u5178\u300b\u7b2c\u4e00\u767e\u516b\u5341\u516b\u6761\u3001\u7b2c\u4e94\u767e\u516b\u5341\u4e94\u6761\uff0c\u8bc9\u8bbc\u65f6\u6548\u671f\u95f4\u4e3a\u4e09\u5e74\u3002]" time="0.002" /><testcase classname="tests.test_agent_writer" name="test_writer_does_not_accept_user_fact_as_statute_citation_authority" time="0.002" /><testcase classname="tests.test_agent_writer" name="test_writer_rejects_same_value_with_fabricated_numeric_kind_or_unit[\u8bc1\u636e\u4ec5\u8bb0\u8f7d\u8d54\u507f\u91d1\u989d\u4e3a30\u5143\u3002-\u8fdd\u7ea6\u6bd4\u4f8b\u4e3a30%\u3002]" time="0.003" /><testcase classname="tests.test_agent_writer" name="test_writer_rejects_same_value_with_fabricated_numeric_kind_or_unit[\u8bc1\u636e\u4ec5\u8bb0\u8f7d\u8d54\u507f\u91d1\u989d\u4e3a2025\u5143\u3002-\u5c65\u884c\u671f\u9650\u4e3a2025\u5e74\u3002]" time="0.002" /><testcase classname="tests.test_agent_writer" name="test_writer_rejects_same_value_with_fabricated_numeric_kind_or_unit[\u8bc1\u636e\u4ec5\u8bb0\u8f7d\u8fdd\u7ea6\u6bd4\u4f8b\u4e3a3%\u3002-\u5c65\u884c\u671f\u9650\u4e3a3\u4e2a\u6708\u3002]" time="0.002" /><testcase classname="tests.test_agent_writer" name="test_writer_accepts_evidence_linked_to_multiple_issues" time="0.002" /><testcase classname="tests.test_agent_writer" name="test_writer_fails_safe_for_dangling_conflict_references[False]" time="0.002" /><testcase classname="tests.test_agent_writer" name="test_writer_fails_safe_for_dangling_conflict_references[True]" time="0.002" /><testcase classname="tests.test_agent_writer" name="test_writer_rejects_unlinked_evidence_and_cross_issue_fact" time="0.002" /><testcase classname="tests.test_agent_writer" name="test_writer_payload_orders_effective_statute_evidence_first" time="0.002" /><testcase classname="tests.test_chat_force_agent" name="test_force_agent_defaults_false" time="0.001" /><testcase classname="tests.test_chat_force_agent" name="test_force_agent_true_parses" time="0.001" /><testcase classname="tests.test_chat_force_agent" name="test_resume_identity_still_required_with_force_agent" time="0.001" /><testcase classname="tests.test_review_sidecar" name="test_synthetic_complete_positive_review_reaches_reviewed_closure" time="0.002" /><testcase classname="tests.test_review_sidecar" name="test_required_rule_set_has_thirteen_items_with_r6_subitems" time="0.001" /><testcase classname="tests.test_review_sidecar" name="test_missing_required_rule_is_pending_not_closure" time="0.002" /><testcase classname="tests.test_review_sidecar" name="test_duplicate_rule_rejected" time="0.002" /><testcase classname="tests.test_review_sidecar" name="test_unknown_rule_rejected" time="0.002" /><testcase classname="tests.test_review_sidecar" name="test_run_id_mismatch_is_invalid" time="0.002" /><testcase classname="tests.test_review_sidecar" name="test_sessions_sha256_mismatch_is_invalid" time="0.002" /><testcase classname="tests.test_review_sidecar" name="test_placeholder_sha256_rejected" time="0.002" /><testcase classname="tests.test_review_sidecar" name="test_placeholder_run_id_rejected" time="0.002" /><testcase classname="tests.test_review_sidecar" name="test_explicit_fail_is_failed_even_if_everything_else_passes" time="0.002" /><testcase classname="tests.test_review_sidecar" name="test_review_status_is_pending_not_closure" time="0.002" /><testcase classname="tests.test_review_sidecar" name="test_placeholder_reviewer_is_pending" time="0.002" /><testcase classname="tests.test_review_sidecar" name="test_pass_without_evidence_refs_is_pending" time="0.002" /><testcase classname="tests.test_review_sidecar" name="test_pass_with_placeholder_evidence_ref_is_pending" time="0.002" /><testcase classname="tests.test_review_sidecar" name="test_run_level_aggregation_requires_all_cases_closure" time="0.002" /><testcase classname="tests.test_review_sidecar" name="test_sidecar_rejects_unknown_extra_fields" time="0.001" /><testcase classname="tests.test_gate2_runner" name="test_two_cases_complete_outputs_written_and_rerun_refuses" time="0.588" /><testcase classname="tests.test_gate2_runner" name="test_create_refuses_when_claim_already_exists" time="0.514" /><testcase classname="tests.test_gate2_runner" name="test_resume_skips_completed_cases_without_reissuing_requests" time="0.545" /><testcase classname="tests.test_gate2_runner" name="test_client_timeout_pauses_queue_and_marks_unknown" time="0.544" /><testcase classname="tests.test_gate2_runner" name="test_resume_refuses_unknown_without_manual_confirmation" time="0.515" /><testcase classname="tests.test_gate2_runner" name="test_resume_with_retry_unknown_reruns_marked_case" time="0.559" /><testcase classname="tests.test_gate2_runner" name="test_http_error_is_recorded_and_queue_continues" time="0.559" /><testcase classname="tests.test_gate2_runner" name="test_non_sse_response_is_recorded_without_agent_completion" time="0.544" /><testcase classname="tests.test_gate2_runner" name="test_mid_run_process_kill_recovers_from_checkpoint" time="1.091" /></testsuite></testsuites>